2025/02/02 17:18:51 schema.resolvers.go:46: DB_ERROR:ошибка при создании нового комментария: pq: отношение "comment" не существует
2025/02/02 17:20:13 schema.resolvers.go:46: DB_ERROR:ошибка при создании нового комментария: sql: Scan error on column index 2, name "parent_id": converting NULL to string is unsupported
2025/02/03 01:51:49 nearest_childish_comments_loader.go:24: DB_ERROR:ошибка при загрузки ближайших комментариев по контектсу: sql: converting argument $2 type: unsupported type []interface {}, a slice of interface
2025/02/03 02:18:40 nearest_childish_comments_loader.go:26: DB_ERROR:ошибка при загрузки ближайших комментариев по контектсу: sql: converting argument $1 type: unsupported type []interface {}, a slice of interface
2025/02/03 02:19:52 nearest_childish_comments_loader.go:26: DB_ERROR:ошибка при загрузки ближайших комментариев по контектсу: pq: не удалось определить тип данных параметра $7
2025/02/03 02:21:25 nearest_childish_comments_loader.go:26: DB_ERROR:ошибка при загрузки ближайших комментариев по контектсу: pq: не удалось определить тип данных параметра $7
2025/02/03 02:22:18 nearest_childish_comments_loader.go:26: DB_ERROR:ошибка при загрузки ближайших комментариев по контектсу: pq: не удалось определить тип данных параметра $3
2025/02/03 02:22:18 nearest_childish_comments_loader.go:26: DB_ERROR:ошибка при загрузки ближайших комментариев по контектсу: pq: не удалось определить тип данных параметра $3
2025/02/03 02:22:18 nearest_childish_comments_loader.go:26: DB_ERROR:ошибка при загрузки ближайших комментариев по контектсу: pq: не удалось определить тип данных параметра $3
2025/02/03 02:23:00 nearest_childish_comments_loader.go:26: DB_ERROR:ошибка при загрузки ближайших комментариев по контектсу: pq: не удалось определить тип данных параметра $7
2025/02/03 02:23:47 nearest_childish_comments_loader.go:26: DB_ERROR:ошибка при загрузки ближайших комментариев по контектсу: pq: не удалось определить тип данных параметра $3
2025/02/03 02:23:47 nearest_childish_comments_loader.go:26: DB_ERROR:ошибка при загрузки ближайших комментариев по контектсу: pq: не удалось определить тип данных параметра $3
2025/02/03 02:23:47 nearest_childish_comments_loader.go:26: DB_ERROR:ошибка при загрузки ближайших комментариев по контектсу: pq: не удалось определить тип данных параметра $3
2025/02/03 02:25:49 nearest_childish_comments_loader.go:26: DB_ERROR:ошибка при загрузки ближайших комментариев по контектсу: pq: не удалось определить тип данных параметра $7
2025/02/03 02:26:07 nearest_childish_comments_loader.go:26: DB_ERROR:ошибка при загрузки ближайших комментариев по контектсу: pq: не удалось определить тип данных параметра $3
2025/02/03 02:26:07 nearest_childish_comments_loader.go:26: DB_ERROR:ошибка при загрузки ближайших комментариев по контектсу: pq: не удалось определить тип данных параметра $3
2025/02/03 02:26:07 nearest_childish_comments_loader.go:26: DB_ERROR:ошибка при загрузки ближайших комментариев по контектсу: pq: не удалось определить тип данных параметра $3
2025/02/03 02:26:19 nearest_childish_comments_loader.go:26: DB_ERROR:ошибка при загрузки ближайших комментариев по контектсу: pq: не удалось определить тип данных параметра $3
2025/02/03 02:26:19 nearest_childish_comments_loader.go:26: DB_ERROR:ошибка при загрузки ближайших комментариев по контектсу: pq: не удалось определить тип данных параметра $3
2025/02/03 02:26:19 nearest_childish_comments_loader.go:26: DB_ERROR:ошибка при загрузки ближайших комментариев по контектсу: pq: не удалось определить тип данных параметра $3
2025/02/03 02:26:26 nearest_childish_comments_loader.go:26: DB_ERROR:ошибка при загрузки ближайших комментариев по контектсу: pq: не удалось определить тип данных параметра $7
2025/02/03 02:26:30 nearest_childish_comments_loader.go:26: DB_ERROR:ошибка при загрузки ближайших комментариев по контектсу: pq: не удалось определить тип данных параметра $7
2025/02/03 02:26:33 nearest_childish_comments_loader.go:26: DB_ERROR:ошибка при загрузки ближайших комментариев по контектсу: pq: не удалось определить тип данных параметра $7
2025/02/03 02:32:54 nearest_childish_comments_loader.go:26: DB_ERROR:ошибка при загрузки ближайших комментариев по контектсу: pq: не удалось определить тип данных параметра $5
2025/02/03 02:32:54 nearest_childish_comments_loader.go:26: DB_ERROR:ошибка при загрузки ближайших комментариев по контектсу: pq: не удалось определить тип данных параметра $3
2025/02/03 02:34:11 nearest_childish_comments_loader.go:26: DB_ERROR:ошибка при загрузки ближайших комментариев по контектсу: pq: не удалось определить тип данных параметра $5
2025/02/03 02:34:11 nearest_childish_comments_loader.go:26: DB_ERROR:ошибка при загрузки ближайших комментариев по контектсу: pq: не удалось определить тип данных параметра $3
2025/02/03 02:34:23 nearest_childish_comments_loader.go:26: DB_ERROR:ошибка при загрузки ближайших комментариев по контектсу: pq: не удалось определить тип данных параметра $7
2025/02/03 02:34:24 nearest_childish_comments_loader.go:26: DB_ERROR:ошибка при загрузки ближайших комментариев по контектсу: pq: не удалось определить тип данных параметра $7
2025/02/03 02:36:04 nearest_childish_comments_loader.go:26: DB_ERROR:ошибка при загрузки ближайших комментариев по контектсу: pq: неверный синтаксис для типа integer: "NULL"
2025/02/03 02:50:05 nearest_childish_comments_loader.go:26: DB_ERROR:ошибка при загрузки ближайших комментариев по контектсу: pq: аргумент конструкции AND должен иметь тип boolean, а не integer
2025/02/03 03:14:57 nearest_childish_comments_loader.go:26: DB_ERROR:ошибка при загрузки ближайших комментариев по контектсу: pq: ошибка синтаксиса (примерное положение: "(")
2025/02/03 03:22:14 nearest_childish_comments_loader.go:26: DB_ERROR:ошибка при загрузки ближайших комментариев по контектсу: pq: параметр $0 не существует
2025/02/03 03:22:35 nearest_childish_comments_loader.go:26: DB_ERROR:ошибка при загрузки ближайших комментариев по контектсу: pq: параметр $0 не существует
2025/02/03 03:24:04 nearest_childish_comments_loader.go:26: DB_ERROR:ошибка при загрузки ближайших комментариев по контектсу: pq: параметр $0 не существует
2025/02/03 03:52:34 nearest_childish_comments_loader.go:26: DB_ERROR:ошибка получения результатов: sql: Scan error on column index 4, name "parent_id": destination pointer is nil
2025/02/03 03:53:27 nearest_childish_comments_loader.go:26: DB_ERROR:ошибка получения результатов: sql: Scan error on column index 4, name "parent_id": converting NULL to string is unsupported
2025/02/03 03:54:54 nearest_childish_comments_loader.go:26: DB_ERROR:ошибка получения результатов: sql: Scan error on column index 4, name "parent_id": converting NULL to string is unsupported
2025/02/03 03:57:08 nearest_childish_comments_loader.go:26: DB_ERROR:ошибка получения результатов: sql: Scan error on column index 4, name "parent_id": destination pointer is nil
2025/02/03 03:57:08 nearest_childish_comments_loader.go:26: DB_ERROR:ошибка получения результатов: sql: Scan error on column index 4, name "parent_id": destination pointer is nil
2025/02/03 04:59:04 schema.resolvers.go:104: DB_ERROR:ошибка при поиске поста по id: sql: no rows in result set
2025/02/03 05:00:10 schema.resolvers.go:104: DB_ERROR:ошибка при поиске поста по id: sql: no rows in result set
2025/02/03 05:04:26 schema.resolvers.go:104: DB_ERROR:ошибка при поиске поста по id: sql: no rows in result set
2025/02/03 05:37:12 schema.resolvers.go:128: DB_ERROR:ошибка при поиске поста по id: sql: no rows in result set
2025/02/03 05:38:47 schema.resolvers.go:97: DB_ERROR:pq: столбец "postid" не существует
2025/02/03 05:39:40 schema.resolvers.go:97: DB_ERROR:pq: столбец "post_id" не существует
2025/02/03 05:40:03 schema.resolvers.go:97: DB_ERROR:pq: столбец "post_id" не существует
2025/02/03 05:50:18 schema.resolvers.go:62: DB_ERROR:ошибка при создании нового комментария: pq: INSERT содержит больше целевых столбцов, чем выражений
2025/02/03 05:52:21 schema.resolvers.go:62: DB_ERROR:ошибка при создании нового комментария: sql: no rows in result set
2025/02/03 14:30:36 server.go:25: DB_ERROR:в env не указана одна из следующих переменных: REDIS_HOST, REDIS_PASSWORD, REDIS_DB
2025/02/03 14:32:10 server.go:25: DB_ERROR:в env не указана одна из следующих переменных: REDIS_HOST, REDIS_PASSWORD, REDIS_DB
2025/02/03 14:33:35 server.go:25: DB_ERROR:не удалось подключиться к Redis: dial tcp: address localhost: missing port in address
2025/02/03 14:35:26 server.go:25: DB_ERROR:не удалось подключиться к Redis: dial tcp: address localhost: missing port in address
2025/02/03 14:37:34 server.go:25: DB_ERROR:не удалось подключиться к Redis: dial tcp: address localhost: missing port in address
2025/02/04 01:17:38 server.go:35: DB_ERROR:ошибка создания мигратора: failed to open source, "file://///db//migration": open .: no such file or directory
2025/02/04 01:18:29 server.go:35: DB_ERROR:ошибка создания мигратора: failed to open source, "file://///db//migration": open .: no such file or directory
2025/02/04 01:18:38 server.go:35: DB_ERROR:ошибка создания мигратора: failed to open source, "file://///db//migration": open .: no such file or directory
2025/02/04 01:24:30 server.go:35: DB_ERROR:ошибка создания мигратора: failed to open source, "file:////db//migration": open .: no such file or directory
2025/02/04 01:46:31 server.go:35: DB_ERROR:ошибка создания мигратора: failed to open source, "file://D:/Go_projects//db//migration": open .: The system cannot find the path specified.
2025/02/04 01:49:31 server.go:35: DB_ERROR:ошибка создания мигратора: failed to open source, "file://D:/Go_projects//db//migration": open .: The system cannot find the path specified.
2025/02/04 01:49:39 server.go:35: DB_ERROR:ошибка создания мигратора: failed to open source, "file://D:/Go_projects//db//migration": open .: The system cannot find the path specified.
2025/02/04 09:43:58 server.go:35: DB_ERROR:ошибка создания мигратора: failed to open source, "file://D:/Go_projects//db//migration": open .: The system cannot find the path specified.
2025/02/04 09:44:36 server.go:35: DB_ERROR:ошибка создания мигратора: failed to open source, "file://D:/Go_projects/db/migration": open .: The system cannot find the path specified.
